SQL> -- ------------------------------------------------------------
SQL> --
SQL> -- Name: < ***** Alex Porter ***** >
SQL> --
SQL> -- -------------------------------------------------------------
SQL> --
SQL> -- NULL AND SUBSTRINGS -------------------------------
SQL> --
SQL> /*(10B)
SQL> Find the ssn and last name of every employee whose ssn contains two consecutive 8's, and has a supervisor. Sort the results by ssn. *Change order*
SQL> */
SQL> SELECT lname, ssn
  2  FROM EMPLOYEE
  3  WHERE ssn LIKE '%88%' AND super_ssn IS NOT NULL
  4  ORDER BY ssn;

LNAME           SSN                                                             
--------------- ---------                                                       
Narayan         666884444                                                       
Zelaya          999887777                                                       

SQL> --
SQL> -- JOINING 3 TABLES ------------------------------
SQL> --
SQL> /*(11B)
SQL> For every employee who works for more than 20 hours on any project that is controlled by the research department: Find the ssn, project number,  and number of hours. Sort the results by ssn.
SQL> */
SQL> SELECT W.essn, W.pno, W.hours
  2  FROM WORKS_ON W, PROJECT P, DEPARTMENT D
  3  WHERE W.pno = P.pnumber AND W.hours >20 AND D.dname = 'Research' AND D.dnumber = P.dnum
  4  ORDER BY W.essn;

ESSN             PNO      HOURS                                                 
--------- ---------- ----------                                                 
123456789          1       32.5                                                 
666884444          3         40                                                 

SQL> --
SQL> -- JOINING 3 TABLES ---------------------------
SQL> --
SQL> /*(12B)
SQL> Write a query that consists of one block only.
SQL> For every employee who works less than 10 hours on any project that is controlled by the department he works for: Find the employee's lname, his department number, project number, the number of the department controlling it, and the number of hours he works on that project. Sort the results by lname.
SQL> */
SQL> SELECT E.lname, E.dno, W.pno, P.dnum, W.hours
  2  FROM WORKS_ON W, PROJECT P, EMPLOYEE E
  3  WHERE W.hours < 10 AND E.dno = P.dnum AND P.pnumber = W.pno AND E.ssn = W.essn
  4  ORDER BY E.lname;

LNAME                  DNO        PNO       DNUM      HOURS                     
--------------- ---------- ---------- ---------- ----------                     
Jabbar                   4         30          4          5                     
Smith                    5          2          5        7.5                     

SQL> --
SQL> -- JOINING 4 TABLES -------------------------
SQL> --
SQL> /*(13B)
SQL> For every employee who works on any project that is located in Houston: Find the employees ssn and lname, and the names of his/her dependent(s) and their relationship(s) to the employee. Notice that there will be one row per qualyfing dependent. Sort the results by employee lname.
SQL> */
SQL> SELECT DISTINCT E.lname, E.ssn, D.dependent_name, D.relationship
  2  FROM EMPLOYEE E, DEPENDENT D, WORKS_ON W, PROJECT P
  3  WHERE P.plocation = 'Houston' AND W.pno = P.pnumber AND E.ssn = W.essn AND D.essn = E.ssn
  4  ORDER BY E.lname;

LNAME           SSN       DEPENDENT_NAME  RELATION                              
--------------- --------- --------------- --------                              
Wallace         987654321 Abner           Spouse                                
Wong            333445555 Alice           Daughter                              
Wong            333445555 Joy             Spouse                                
Wong            333445555 Theodore        Son                                   

SQL> --
SQL> -- SELF JOIN -------------------------------------------
SQL> --
SQL> /*(14B)
SQL> Write a query that consists of one block only.
SQL> For every employee who works for a department that is different from his supervisor's department: Find his ssn, lname, department number; and his supervisor's ssn, lname, and department number. Sort the results by ssn.
SQL> */
SQL> SELECT E.ssn, E.lname, E.dno, S.ssn, S.lname, S.dno
  2  FROM EMPLOYEE E, EMPLOYEE S
  3  WHERE E.super_ssn = S.ssn AND E.dno <> S.dno AND S.dno IS NOT NULL
  4  ORDER BY E.ssn;

SSN       LNAME                  DNO SSN       LNAME                  DNO       
--------- --------------- ---------- --------- --------------- ----------       
333445555 Wong                     5 888665555 Borg                     1       
987654321 Wallace                  4 888665555 Borg                     1       

SQL> --
SQL> -- USING MORE THAN ONE RANGE VARIABLE ON ONE TABLE -------------------
SQL> --
SQL> /*(15B)
SQL> Find pairs of employee lname's such that the two employees in the pair work on the same project for the same number of hours. List every pair once only. Sort the result by the lname in the left column in the result.
SQL> */
SQL> SELECT E1.lname, E2.lname
  2  FROM WORKS_ON W1, WORKS_ON W2, EMPLOYEE E1, EMPLOYEE E2
  3  WHERE E1.ssn < E2.ssn AND W1.essn < W2.essn AND E1.ssn = W1.essn AND E2.ssn = W2.essn AND W1.pno = W2.pno AND W1.hours = W2.hours
  4  ORDER BY E1.lname;

LNAME           LNAME                                                           
--------------- ---------------                                                 
Wong            Zelaya                                                          

SQL> --
SQL> /*(16B)
SQL> For every employee who has more than one dependent: Find the ssn, lname, and number of dependents. Sort the result by lname
SQL> */
SQL> SELECT E.ssn, E.lname, COUNT(*)
  2  FROM EMPLOYEE E, DEPENDENT D
  3  WHERE E.ssn = D.essn
  4  GROUP BY E.ssn, E.lname
  5  HAVING COUNT(*) > 1
  6  ORDER BY E.lname;

SSN       LNAME             COUNT(*)                                            
--------- --------------- ----------                                            
123456789 Smith                    3                                            
333445555 Wong                     3                                            

SQL> --
SQL> /*(17B)
SQL> For every project that has more than 2 employees working on and the total hours worked on it is less than 40: Find the project number, project name, number of employees working on it, and the total number of hours worked by all employees on that project. Sort the results by project number.
SQL> */
SQL> SELECT P.pnumber, P.pname, COUNT(DISTINCT E.ssn), SUM(DISTINCT W.hours)
  2  FROM PROJECT P, EMPLOYEE E, WORKS_ON W
  3  WHERE W.essn = E.ssn AND P.pnumber = W.pno
  4  GROUP BY P.pnumber, P.pname
  5  HAVING COUNT(DISTINCT E.ssn) > 2 AND SUM(W.hours) < 40
  6  ORDER BY P.pnumber;

   PNUMBER PNAME           COUNT(DISTINCTE.SSN) SUM(DISTINCTW.HOURS)            
---------- --------------- -------------------- --------------------            
         2 ProductY                           3                 37.5            
        20 Reorganization                     3                   25            

SQL> --
SQL> -- CORRELATED SUBQUERY --------------------------------
SQL> --
SQL> /*(18B)
SQL> For every employee whose salary is above the average salary in his department: Find the dno, ssn, lname, and salary. Sort the results by department number.
SQL> */
SQL> SELECT E.dno, E.ssn, E.lname, E.salary
  2  FROM EMPLOYEE E
  3  WHERE E.salary > (SELECT AVG(R.salary)
  4  			     FROM Employee R
  5  			     WHERE E.dno = R.dno)
  6  ORDER BY E.dno;

       DNO SSN       LNAME               SALARY                                 
---------- --------- --------------- ----------                                 
         4 987654321 Wallace              43000                                 
         5 666884444 Narayan              38000                                 
         5 333445555 Wong                 40000                                 

SQL> --
SQL> -- CORRELATED SUBQUERY -------------------------------
SQL> --
SQL> /*(19B)
SQL> For every employee who works for the research department but does not work on any one project for more than 20 hours: Find the ssn and lname. Sort the results by lname
SQL> */
SQL> SELECT DISTINCT E.ssn, E.lname
  2  FROM EMPLOYEE E, department D, WORKS_ON W
  3  WHERE E.dno = D.dnumber AND D.dname = 'Research' AND E.ssn = W.essn AND 20 >= (SELECT MAX(Q.hours)
  4  			     FROM WORKS_ON Q
  5  			     WHERE E.ssn = Q.essn
  6  			     )
  7  ORDER BY E.lname;

SSN       LNAME                                                                 
--------- ---------------                                                       
453453453 English                                                               
333445555 Wong                                                                  

SQL> --
SQL> -- DIVISION ---------------------------------------------
SQL> --
SQL> /*(20B) Hint: This is a DIVISION query
SQL> For every employee who works on every project that is controlled by department 4: Find the ssn and lname. Sort the results by lname
SQL> */
SQL> SELECT E.ssn, E.lname
  2  FROM EMPLOYEE E
  3  WHERE NOT EXISTS((SELECT P.pnumber
  4  			     FROM PROJECT P
  5  			     WHERE P.dnum = 4)
  6  			     MINUS
  7  			     (SELECT W.pno
  8  			     FROM WORKS_ON W, PROJECT R
  9  			     WHERE E.ssn = W.essn AND W.pno = R.pnumber))
 10  ORDER BY E.lname;

SSN       LNAME                                                                 
--------- ---------------                                                       
987987987 Jabbar                                                                
999887777 Zelaya                                                                

SQL> --
SQL> SET ECHO OFF
